  MOD3PROJECT.cpp
C:\Users\Administrator\source\repos\MOD 3 PROJECT\MOD 3 PROJECT\MOD3PROJECT.cpp(133,5): error C2065: 'String': undeclared identifier
C:\Users\Administrator\source\repos\MOD 3 PROJECT\MOD 3 PROJECT\MOD3PROJECT.cpp(133,12): error C2146: syntax error: missing ';' before identifier 'min_sec'
C:\Users\Administrator\source\repos\MOD 3 PROJECT\MOD 3 PROJECT\MOD3PROJECT.cpp(133,12): error C2065: 'min_sec': undeclared identifier
C:\Users\Administrator\source\repos\MOD 3 PROJECT\MOD 3 PROJECT\MOD3PROJECT.cpp(135,9): error C2065: 'min_sec': undeclared identifier
C:\Users\Administrator\source\repos\MOD 3 PROJECT\MOD 3 PROJECT\MOD3PROJECT.cpp(135,27): error C3861: 'to_string': identifier not found
C:\Users\Administrator\source\repos\MOD 3 PROJECT\MOD 3 PROJECT\MOD3PROJECT.cpp(137,9): error C2065: 'min_sec': undeclared identifier
C:\Users\Administrator\source\repos\MOD 3 PROJECT\MOD 3 PROJECT\MOD3PROJECT.cpp(137,26): error C3861: 'to_string': identifier not found
C:\Users\Administrator\source\repos\MOD 3 PROJECT\MOD 3 PROJECT\MOD3PROJECT.cpp(140,9): error C2065: 'min_sec': undeclared identifier
C:\Users\Administrator\source\repos\MOD 3 PROJECT\MOD 3 PROJECT\MOD3PROJECT.cpp(140,26): error C3861: 'to_string': identifier not found
C:\Users\Administrator\source\repos\MOD 3 PROJECT\MOD 3 PROJECT\MOD3PROJECT.cpp(142,9): error C2065: 'min_sec': undeclared identifier
C:\Users\Administrator\source\repos\MOD 3 PROJECT\MOD 3 PROJECT\MOD3PROJECT.cpp(142,20): error C3861: 'to_string': identifier not found
C:\Users\Administrator\source\repos\MOD 3 PROJECT\MOD 3 PROJECT\MOD3PROJECT.cpp(142,39): error C2677: binary '+': no global operator found which takes type 'std::string' (or there is no acceptable conversion)
      C:\Program Files\Microsoft Visual Studio\2022\Community\VC\Tools\MSVC\14.43.34808\include\xstring(3214,62):
      could be 'std::basic_string<_Elem,_Traits,_Alloc> std::operator +(std::basic_string<_Elem,_Traits,_Alloc> &&,const _Elem)'
          C:\Users\Administrator\source\repos\MOD 3 PROJECT\MOD 3 PROJECT\MOD3PROJECT.cpp(142,29):
          'std::basic_string<_Elem,_Traits,_Alloc> std::operator +(std::basic_string<_Elem,_Traits,_Alloc> &&,const _Elem)': could not deduce template argument for 'std::basic_string<_Elem,_Traits,_Alloc> &&' from 'unknown-type'
      C:\Program Files\Microsoft Visual Studio\2022\Community\VC\Tools\MSVC\14.43.34808\include\xstring(3208,62):
      or       'std::basic_string<_Elem,_Traits,_Alloc> std::operator +(std::basic_string<_Elem,_Traits,_Alloc> &&,const _Elem *const )'
          C:\Users\Administrator\source\repos\MOD 3 PROJECT\MOD 3 PROJECT\MOD3PROJECT.cpp(142,29):
          'std::basic_string<_Elem,_Traits,_Alloc> std::operator +(std::basic_string<_Elem,_Traits,_Alloc> &&,const _Elem *const )': could not deduce template argument for 'std::basic_string<_Elem,_Traits,_Alloc> &&' from 'unknown-type'
      C:\Program Files\Microsoft Visual Studio\2022\Community\VC\Tools\MSVC\14.43.34808\include\xstring(3202,62):
      or       'std::basic_string<_Elem,_Traits,_Alloc> std::operator +(const _Elem,std::basic_string<_Elem,_Traits,_Alloc> &&)'
          C:\Users\Administrator\source\repos\MOD 3 PROJECT\MOD 3 PROJECT\MOD3PROJECT.cpp(142,29):
          'std::basic_string<_Elem,_Traits,_Alloc> std::operator +(const _Elem,std::basic_string<_Elem,_Traits,_Alloc> &&)': template parameter '_Elem' is ambiguous
              C:\Users\Administrator\source\repos\MOD 3 PROJECT\MOD 3 PROJECT\MOD3PROJECT.cpp(142,29):
              could be 'char'
              C:\Users\Administrator\source\repos\MOD 3 PROJECT\MOD 3 PROJECT\MOD3PROJECT.cpp(142,29):
              or       'unknown-type'
          C:\Users\Administrator\source\repos\MOD 3 PROJECT\MOD 3 PROJECT\MOD3PROJECT.cpp(142,29):
          'std::basic_string<_Elem,_Traits,_Alloc> std::operator +(const _Elem,std::basic_string<_Elem,_Traits,_Alloc> &&)': could not deduce template argument for 'std::basic_string<_Elem,_Traits,_Alloc> &&' from 'std::string'
      C:\Program Files\Microsoft Visual Studio\2022\Community\VC\Tools\MSVC\14.43.34808\include\xstring(3196,62):
      or       'std::basic_string<_Elem,_Traits,_Alloc> std::operator +(const _Elem *const ,std::basic_string<_Elem,_Traits,_Alloc> &&)'
          C:\Users\Administrator\source\repos\MOD 3 PROJECT\MOD 3 PROJECT\MOD3PROJECT.cpp(142,29):
          'std::basic_string<_Elem,_Traits,_Alloc> std::operator +(const _Elem *const ,std::basic_string<_Elem,_Traits,_Alloc> &&)': could not deduce template argument for 'const _Elem *const ' from 'unknown-type'
      C:\Program Files\Microsoft Visual Studio\2022\Community\VC\Tools\MSVC\14.43.34808\include\xstring(3183,62):
      or       'std::basic_string<_Elem,_Traits,_Alloc> std::operator +(std::basic_string<_Elem,_Traits,_Alloc> &&,std::basic_string<_Elem,_Traits,_Alloc> &&)'
          C:\Users\Administrator\source\repos\MOD 3 PROJECT\MOD 3 PROJECT\MOD3PROJECT.cpp(142,29):
          'std::basic_string<_Elem,_Traits,_Alloc> std::operator +(std::basic_string<_Elem,_Traits,_Alloc> &&,std::basic_string<_Elem,_Traits,_Alloc> &&)': could not deduce template argument for 'std::basic_string<_Elem,_Traits,_Alloc> &&' from 'unknown-type'
      C:\Program Files\Microsoft Visual Studio\2022\Community\VC\Tools\MSVC\14.43.34808\include\xstring(3177,62):
      or       'std::basic_string<_Elem,_Traits,_Alloc> std::operator +(std::basic_string<_Elem,_Traits,_Alloc> &&,const std::basic_string<_Elem,_Traits,_Alloc> &)'
          C:\Users\Administrator\source\repos\MOD 3 PROJECT\MOD 3 PROJECT\MOD3PROJECT.cpp(142,29):
          'std::basic_string<_Elem,_Traits,_Alloc> std::operator +(std::basic_string<_Elem,_Traits,_Alloc> &&,const std::basic_string<_Elem,_Traits,_Alloc> &)': could not deduce template argument for 'std::basic_string<_Elem,_Traits,_Alloc> &&' from 'unknown-type'
      C:\Program Files\Microsoft Visual Studio\2022\Community\VC\Tools\MSVC\14.43.34808\include\xstring(3171,62):
      or       'std::basic_string<_Elem,_Traits,_Alloc> std::operator +(const std::basic_string<_Elem,_Traits,_Alloc> &,std::basic_string<_Elem,_Traits,_Alloc> &&)'
          C:\Users\Administrator\source\repos\MOD 3 PROJECT\MOD 3 PROJECT\MOD3PROJECT.cpp(142,29):
          'std::basic_string<_Elem,_Traits,_Alloc> std::operator +(const std::basic_string<_Elem,_Traits,_Alloc> &,std::basic_string<_Elem,_Traits,_Alloc> &&)': could not deduce template argument for 'const std::basic_string<_Elem,_Traits,_Alloc> &' from 'unknown-type'
      C:\Program Files\Microsoft Visual Studio\2022\Community\VC\Tools\MSVC\14.43.34808\include\xstring(3160,62):
      or       'std::basic_string<_Elem,_Traits,_Alloc> std::operator +(const std::basic_string<_Elem,_Traits,_Alloc> &,const _Elem)'
          C:\Users\Administrator\source\repos\MOD 3 PROJECT\MOD 3 PROJECT\MOD3PROJECT.cpp(142,29):
          'std::basic_string<_Elem,_Traits,_Alloc> std::operator +(const std::basic_string<_Elem,_Traits,_Alloc> &,const _Elem)': could not deduce template argument for 'const std::basic_string<_Elem,_Traits,_Alloc> &' from 'unknown-type'
      C:\Program Files\Microsoft Visual Studio\2022\Community\VC\Tools\MSVC\14.43.34808\include\xstring(3147,62):
      or       'std::basic_string<_Elem,_Traits,_Alloc> std::operator +(const std::basic_string<_Elem,_Traits,_Alloc> &,const _Elem *const )'
          C:\Users\Administrator\source\repos\MOD 3 PROJECT\MOD 3 PROJECT\MOD3PROJECT.cpp(142,29):
          'std::basic_string<_Elem,_Traits,_Alloc> std::operator +(const std::basic_string<_Elem,_Traits,_Alloc> &,const _Elem *const )': could not deduce template argument for 'const std::basic_string<_Elem,_Traits,_Alloc> &' from 'unknown-type'
      C:\Program Files\Microsoft Visual Studio\2022\Community\VC\Tools\MSVC\14.43.34808\include\xstring(3136,62):
      or       'std::basic_string<_Elem,_Traits,_Alloc> std::operator +(const _Elem,const std::basic_string<_Elem,_Traits,_Alloc> &)'
          C:\Users\Administrator\source\repos\MOD 3 PROJECT\MOD 3 PROJECT\MOD3PROJECT.cpp(142,29):
          'std::basic_string<_Elem,_Traits,_Alloc> std::operator +(const _Elem,const std::basic_string<_Elem,_Traits,_Alloc> &)': template parameter '_Elem' is ambiguous
              C:\Users\Administrator\source\repos\MOD 3 PROJECT\MOD 3 PROJECT\MOD3PROJECT.cpp(142,29):
              could be 'char'
              C:\Users\Administrator\source\repos\MOD 3 PROJECT\MOD 3 PROJECT\MOD3PROJECT.cpp(142,29):
              or       'unknown-type'
          C:\Users\Administrator\source\repos\MOD 3 PROJECT\MOD 3 PROJECT\MOD3PROJECT.cpp(142,29):
          'std::basic_string<_Elem,_Traits,_Alloc> std::operator +(const _Elem,const std::basic_string<_Elem,_Traits,_Alloc> &)': could not deduce template argument for 'const std::basic_string<_Elem,_Traits,_Alloc> &' from 'std::string'
      C:\Program Files\Microsoft Visual Studio\2022\Community\VC\Tools\MSVC\14.43.34808\include\xstring(3123,62):
      or       'std::basic_string<_Elem,_Traits,_Alloc> std::operator +(const _Elem *const ,const std::basic_string<_Elem,_Traits,_Alloc> &)'
          C:\Users\Administrator\source\repos\MOD 3 PROJECT\MOD 3 PROJECT\MOD3PROJECT.cpp(142,29):
          'std::basic_string<_Elem,_Traits,_Alloc> std::operator +(const _Elem *const ,const std::basic_string<_Elem,_Traits,_Alloc> &)': could not deduce template argument for 'const _Elem *const ' from 'unknown-type'
      C:\Program Files\Microsoft Visual Studio\2022\Community\VC\Tools\MSVC\14.43.34808\include\xstring(3111,62):
      or       'std::basic_string<_Elem,_Traits,_Alloc> std::operator +(const std::basic_string<_Elem,_Traits,_Alloc> &,const std::basic_string<_Elem,_Traits,_Alloc> &)'
          C:\Users\Administrator\source\repos\MOD 3 PROJECT\MOD 3 PROJECT\MOD3PROJECT.cpp(142,29):
          'std::basic_string<_Elem,_Traits,_Alloc> std::operator +(const std::basic_string<_Elem,_Traits,_Alloc> &,const std::basic_string<_Elem,_Traits,_Alloc> &)': could not deduce template argument for 'const std::basic_string<_Elem,_Traits,_Alloc> &' from 'unknown-type'
      C:\Program Files\Microsoft Visual Studio\2022\Community\VC\Tools\MSVC\14.43.34808\include\xutility(4551,46):
      or       'std::move_iterator<_Iter> std::operator +(move_iterator<_Iter>::difference_type,const std::move_iterator<_Iter> &) noexcept(<expr>)'
          C:\Users\Administrator\source\repos\MOD 3 PROJECT\MOD 3 PROJECT\MOD3PROJECT.cpp(142,29):
          'std::move_iterator<_Iter> std::operator +(move_iterator<_Iter>::difference_type,const std::move_iterator<_Iter> &) noexcept(<expr>)': could not deduce template argument for 'const std::move_iterator<_Iter> &' from 'std::string'
      C:\Program Files\Microsoft Visual Studio\2022\Community\VC\Tools\MSVC\14.43.34808\include\xutility(2014,50):
      or       'std::reverse_iterator<_BidIt> std::operator +(reverse_iterator<_BidIt>::difference_type,const std::reverse_iterator<_BidIt> &) noexcept(<expr>)'
          C:\Users\Administrator\source\repos\MOD 3 PROJECT\MOD 3 PROJECT\MOD3PROJECT.cpp(142,29):
          'std::reverse_iterator<_BidIt> std::operator +(reverse_iterator<_BidIt>::difference_type,const std::reverse_iterator<_BidIt> &) noexcept(<expr>)': could not deduce template argument for 'const std::reverse_iterator<_BidIt> &' from 'std::string'
  
C:\Users\Administrator\source\repos\MOD 3 PROJECT\MOD 3 PROJECT\MOD3PROJECT.cpp(144,5): error C2065: 'String': undeclared identifier
C:\Users\Administrator\source\repos\MOD 3 PROJECT\MOD 3 PROJECT\MOD3PROJECT.cpp(144,12): error C2146: syntax error: missing ';' before identifier 'clocks'
C:\Users\Administrator\source\repos\MOD 3 PROJECT\MOD 3 PROJECT\MOD3PROJECT.cpp(144,12): error C2065: 'clocks': undeclared identifier
C:\Users\Administrator\source\repos\MOD 3 PROJECT\MOD 3 PROJECT\MOD3PROJECT.cpp(145,5): error C2065: 'clocks': undeclared identifier
C:\Users\Administrator\source\repos\MOD 3 PROJECT\MOD 3 PROJECT\MOD3PROJECT.cpp(146,5): error C2065: 'clocks': undeclared identifier
C:\Users\Administrator\source\repos\MOD 3 PROJECT\MOD 3 PROJECT\MOD3PROJECT.cpp(148,9): error C2065: 'clocks': undeclared identifier
C:\Users\Administrator\source\repos\MOD 3 PROJECT\MOD 3 PROJECT\MOD3PROJECT.cpp(148,25): error C3861: 'to_string': identifier not found
C:\Users\Administrator\source\repos\MOD 3 PROJECT\MOD 3 PROJECT\MOD3PROJECT.cpp(148,45): error C2065: 'min_sec': undeclared identifier
C:\Users\Administrator\source\repos\MOD 3 PROJECT\MOD 3 PROJECT\MOD3PROJECT.cpp(150,9): error C2065: 'clocks': undeclared identifier
C:\Users\Administrator\source\repos\MOD 3 PROJECT\MOD 3 PROJECT\MOD3PROJECT.cpp(150,19): error C3861: 'to_string': identifier not found
C:\Users\Administrator\source\repos\MOD 3 PROJECT\MOD 3 PROJECT\MOD3PROJECT.cpp(150,39): error C2065: 'min_sec': undeclared identifier
C:\Users\Administrator\source\repos\MOD 3 PROJECT\MOD 3 PROJECT\MOD3PROJECT.cpp(152,5): error C2065: 'clocks': undeclared identifier
C:\Users\Administrator\source\repos\MOD 3 PROJECT\MOD 3 PROJECT\MOD3PROJECT.cpp(154,9): error C2065: 'clocks': undeclared identifier
C:\Users\Administrator\source\repos\MOD 3 PROJECT\MOD 3 PROJECT\MOD3PROJECT.cpp(154,25): error C3861: 'to_string': identifier not found
C:\Users\Administrator\source\repos\MOD 3 PROJECT\MOD 3 PROJECT\MOD3PROJECT.cpp(154,44): error C2065: 'min_sec': undeclared identifier
C:\Users\Administrator\source\repos\MOD 3 PROJECT\MOD 3 PROJECT\MOD3PROJECT.cpp(156,9): error C2065: 'clocks': undeclared identifier
C:\Users\Administrator\source\repos\MOD 3 PROJECT\MOD 3 PROJECT\MOD3PROJECT.cpp(156,19): error C3861: 'to_string': identifier not found
C:\Users\Administrator\source\repos\MOD 3 PROJECT\MOD 3 PROJECT\MOD3PROJECT.cpp(156,38): error C2065: 'min_sec': undeclared identifier
C:\Users\Administrator\source\repos\MOD 3 PROJECT\MOD 3 PROJECT\MOD3PROJECT.cpp(157,5): error C2065: 'clocks': undeclared identifier
C:\Users\Administrator\source\repos\MOD 3 PROJECT\MOD 3 PROJECT\MOD3PROJECT.cpp(158,5): error C2065: 'clocks': undeclared identifier
C:\Users\Administrator\source\repos\MOD 3 PROJECT\MOD 3 PROJECT\MOD3PROJECT.cpp(160,12): error C2065: 'clocks': undeclared identifier
